<?xml version="1.0" encoding="UTF-8"?>
<!-- Generated by org.testng.reporters.JUnitReportReporter -->
<testsuite hostname="EC2AMAZ-1RMRCNU" failures="0" tests="1" name="tests.LoginTest" time="10.214" errors="0" timestamp="2025-03-10T08:16:37 UTC" skipped="0">
  <testcase classname="tests.LoginTest" name="testValidLogin" time="10.214"/>
</testsuite> <!-- tests.LoginTest -->
